[0.247s] Invoking command in '/home/nobel/team57/team_57_ns/three_ws/build/tortoisebot_description': CMAKE_PREFIX_PATH=${CMAKE_PREFIX_PATH}:/home/nobel/team57/team_57_ns/three_ws/install/tortoisebot_control:/home/nobel/team#57/team_57_ns/three_turtle_ws/install/tortoisebot_control:/home/nobel/bharatforge_ws/install/ps6_py_control_pkg:/home/nobel/colcon_ws/install/ur5_control:/home/nobel/Drone_Related/Drones_Library/follow_drone_ws/install/sjtu_drone_bringup:/home/nobel/Gujrat_Government_Hexapod/gg_hexapod_ws/install/gg_controller:/home/nobel/workspace_arm/IRoC_U_arm/arm_ws/install/armkin_pkg:/home/nobel/workspace_arm/IRoC_U_arm/arm_ws/install/armcam_pkg:/home/nobel/install/armcam_pkg:/home/nobel/install/arduinobot_py_examples:/home/nobel/arduinobot_ws/install/arduinobot_py_examples:/opt/ros/humble PS1=\[\033[0;32m\]BotGuy:\[\033[0m\] /usr/bin/cmake /home/nobel/team57/team_57_ns/three_ws/src/tortoisebot/tortoisebot_description -DCMAKE_INSTALL_PREFIX=/home/nobel/team57/team_57_ns/three_ws/install/tortoisebot_description
[0.310s] -- The C compiler identification is GNU 11.4.0
[0.374s] -- The CXX compiler identification is GNU 11.4.0
[0.384s] -- Detecting C compiler ABI info
[0.481s] -- Detecting C compiler ABI info - done
[0.494s] -- Check for working C compiler: /usr/bin/cc - skipped
[0.494s] -- Detecting C compile features
[0.495s] -- Detecting C compile features - done
[0.499s] -- Detecting CXX compiler ABI info
[0.596s] -- Detecting CXX compiler ABI info - done
[0.608s] -- Check for working CXX compiler: /usr/bin/c++ - skipped
[0.608s] -- Detecting CXX compile features
[0.609s] -- Detecting CXX compile features - done
[0.620s] -- Found ament_cmake: 1.3.11 (/opt/ros/humble/share/ament_cmake/cmake)
[0.891s] -- Found Python3: /usr/bin/python3 (found version "3.10.12") found components: Interpreter 
[1.172s] -- Found ament_lint_auto: 0.12.11 (/opt/ros/humble/share/ament_lint_auto/cmake)
[1.541s] -- Added test 'flake8' to check Python code syntax and style conventions
[1.543s] -- Added test 'lint_cmake' to check CMake code style
[1.549s] -- Added test 'pep257' to check Python code against some of the docstring style conventions in PEP 257
[1.555s] -- Added test 'xmllint' to check XML markup files
[1.563s] -- Configuring done
[1.575s] -- Generating done
[1.583s] -- Build files have been written to: /home/nobel/team57/team_57_ns/three_ws/build/tortoisebot_description
[1.650s] Invoked command in '/home/nobel/team57/team_57_ns/three_ws/build/tortoisebot_description' returned '0': CMAKE_PREFIX_PATH=${CMAKE_PREFIX_PATH}:/home/nobel/team57/team_57_ns/three_ws/install/tortoisebot_control:/home/nobel/team#57/team_57_ns/three_turtle_ws/install/tortoisebot_control:/home/nobel/bharatforge_ws/install/ps6_py_control_pkg:/home/nobel/colcon_ws/install/ur5_control:/home/nobel/Drone_Related/Drones_Library/follow_drone_ws/install/sjtu_drone_bringup:/home/nobel/Gujrat_Government_Hexapod/gg_hexapod_ws/install/gg_controller:/home/nobel/workspace_arm/IRoC_U_arm/arm_ws/install/armkin_pkg:/home/nobel/workspace_arm/IRoC_U_arm/arm_ws/install/armcam_pkg:/home/nobel/install/armcam_pkg:/home/nobel/install/arduinobot_py_examples:/home/nobel/arduinobot_ws/install/arduinobot_py_examples:/opt/ros/humble PS1=\[\033[0;32m\]BotGuy:\[\033[0m\] /usr/bin/cmake /home/nobel/team57/team_57_ns/three_ws/src/tortoisebot/tortoisebot_description -DCMAKE_INSTALL_PREFIX=/home/nobel/team57/team_57_ns/three_ws/install/tortoisebot_description
[1.656s] Invoking command in '/home/nobel/team57/team_57_ns/three_ws/build/tortoisebot_description': CMAKE_PREFIX_PATH=${CMAKE_PREFIX_PATH}:/home/nobel/team57/team_57_ns/three_ws/install/tortoisebot_control:/home/nobel/team#57/team_57_ns/three_turtle_ws/install/tortoisebot_control:/home/nobel/bharatforge_ws/install/ps6_py_control_pkg:/home/nobel/colcon_ws/install/ur5_control:/home/nobel/Drone_Related/Drones_Library/follow_drone_ws/install/sjtu_drone_bringup:/home/nobel/Gujrat_Government_Hexapod/gg_hexapod_ws/install/gg_controller:/home/nobel/workspace_arm/IRoC_U_arm/arm_ws/install/armkin_pkg:/home/nobel/workspace_arm/IRoC_U_arm/arm_ws/install/armcam_pkg:/home/nobel/install/armcam_pkg:/home/nobel/install/arduinobot_py_examples:/home/nobel/arduinobot_ws/install/arduinobot_py_examples:/opt/ros/humble PS1=\[\033[0;32m\]BotGuy:\[\033[0m\] /usr/bin/cmake --build /home/nobel/team57/team_57_ns/three_ws/build/tortoisebot_description -- -j16 -l16
[1.866s] Invoked command in '/home/nobel/team57/team_57_ns/three_ws/build/tortoisebot_description' returned '0': CMAKE_PREFIX_PATH=${CMAKE_PREFIX_PATH}:/home/nobel/team57/team_57_ns/three_ws/install/tortoisebot_control:/home/nobel/team#57/team_57_ns/three_turtle_ws/install/tortoisebot_control:/home/nobel/bharatforge_ws/install/ps6_py_control_pkg:/home/nobel/colcon_ws/install/ur5_control:/home/nobel/Drone_Related/Drones_Library/follow_drone_ws/install/sjtu_drone_bringup:/home/nobel/Gujrat_Government_Hexapod/gg_hexapod_ws/install/gg_controller:/home/nobel/workspace_arm/IRoC_U_arm/arm_ws/install/armkin_pkg:/home/nobel/workspace_arm/IRoC_U_arm/arm_ws/install/armcam_pkg:/home/nobel/install/armcam_pkg:/home/nobel/install/arduinobot_py_examples:/home/nobel/arduinobot_ws/install/arduinobot_py_examples:/opt/ros/humble PS1=\[\033[0;32m\]BotGuy:\[\033[0m\] /usr/bin/cmake --build /home/nobel/team57/team_57_ns/three_ws/build/tortoisebot_description -- -j16 -l16
[1.867s] Invoking command in '/home/nobel/team57/team_57_ns/three_ws/build/tortoisebot_description': CMAKE_PREFIX_PATH=${CMAKE_PREFIX_PATH}:/home/nobel/team57/team_57_ns/three_ws/install/tortoisebot_control:/home/nobel/team#57/team_57_ns/three_turtle_ws/install/tortoisebot_control:/home/nobel/bharatforge_ws/install/ps6_py_control_pkg:/home/nobel/colcon_ws/install/ur5_control:/home/nobel/Drone_Related/Drones_Library/follow_drone_ws/install/sjtu_drone_bringup:/home/nobel/Gujrat_Government_Hexapod/gg_hexapod_ws/install/gg_controller:/home/nobel/workspace_arm/IRoC_U_arm/arm_ws/install/armkin_pkg:/home/nobel/workspace_arm/IRoC_U_arm/arm_ws/install/armcam_pkg:/home/nobel/install/armcam_pkg:/home/nobel/install/arduinobot_py_examples:/home/nobel/arduinobot_ws/install/arduinobot_py_examples:/opt/ros/humble PS1=\[\033[0;32m\]BotGuy:\[\033[0m\] /usr/bin/cmake --install /home/nobel/team57/team_57_ns/three_ws/build/tortoisebot_description
[1.875s] -- Install configuration: ""
[1.876s] -- Installing: /home/nobel/team57/team_57_ns/three_ws/install/tortoisebot_description/share/tortoisebot_description/launch
[1.876s] -- Installing: /home/nobel/team57/team_57_ns/three_ws/install/tortoisebot_description/share/tortoisebot_description/launch/display.launch.py
[1.881s] -- Installing: /home/nobel/team57/team_57_ns/three_ws/install/tortoisebot_description/share/tortoisebot_description/launch/state_publisher.launch.py
[1.882s] -- Installing: /home/nobel/team57/team_57_ns/three_ws/install/tortoisebot_description/share/tortoisebot_description/models
[1.882s] -- Installing: /home/nobel/team57/team_57_ns/three_ws/install/tortoisebot_description/share/tortoisebot_description/models/meshes
[1.884s] -- Installing: /home/nobel/team57/team_57_ns/three_ws/install/tortoisebot_description/share/tortoisebot_description/models/meshes/wheel_left.dae
[1.884s] -- Installing: /home/nobel/team57/team_57_ns/three_ws/install/tortoisebot_description/share/tortoisebot_description/models/meshes/wheel_right.dae
[1.885s] -- Installing: /home/nobel/team57/team_57_ns/three_ws/install/tortoisebot_description/share/tortoisebot_description/models/meshes/camera_holder.dae
[1.885s] -- Installing: /home/nobel/team57/team_57_ns/three_ws/install/tortoisebot_description/share/tortoisebot_description/models/meshes/castor_wheel.dae
[1.885s] -- Installing: /home/nobel/team57/team_57_ns/three_ws/install/tortoisebot_description/share/tortoisebot_description/models/meshes/camera_link.dae
[1.885s] -- Installing: /home/nobel/team57/team_57_ns/three_ws/install/tortoisebot_description/share/tortoisebot_description/models/meshes/lidar.dae
[1.889s] -- Installing: /home/nobel/team57/team_57_ns/three_ws/install/tortoisebot_description/share/tortoisebot_description/models/meshes/base_link.dae
[1.889s] -- Installing: /home/nobel/team57/team_57_ns/three_ws/install/tortoisebot_description/share/tortoisebot_description/models/urdf
[1.891s] -- Installing: /home/nobel/team57/team_57_ns/three_ws/install/tortoisebot_description/share/tortoisebot_description/models/urdf/tortoisebot_simple.gazebo
[1.891s] -- Installing: /home/nobel/team57/team_57_ns/three_ws/install/tortoisebot_description/share/tortoisebot_description/models/urdf/tortoisebot_simple.xacro
[1.891s] -- Installing: /home/nobel/team57/team_57_ns/three_ws/install/tortoisebot_description/share/tortoisebot_description/models/.DS_Store
[1.891s] -- Installing: /home/nobel/team57/team_57_ns/three_ws/install/tortoisebot_description/share/tortoisebot_description/rviz
[1.891s] -- Installing: /home/nobel/team57/team_57_ns/three_ws/install/tortoisebot_description/share/tortoisebot_description/rviz/tortoisebot_sensor_display.rviz
[1.891s] -- Installing: /home/nobel/team57/team_57_ns/three_ws/install/tortoisebot_description/share/ament_index/resource_index/package_run_dependencies/tortoisebot_description
[1.891s] -- Installing: /home/nobel/team57/team_57_ns/three_ws/install/tortoisebot_description/share/ament_index/resource_index/parent_prefix_path/tortoisebot_description
[1.891s] -- Installing: /home/nobel/team57/team_57_ns/three_ws/install/tortoisebot_description/share/tortoisebot_description/environment/ament_prefix_path.sh
[1.892s] -- Installing: /home/nobel/team57/team_57_ns/three_ws/install/tortoisebot_description/share/tortoisebot_description/environment/ament_prefix_path.dsv
[1.892s] -- Installing: /home/nobel/team57/team_57_ns/three_ws/install/tortoisebot_description/share/tortoisebot_description/environment/path.sh
[1.892s] -- Installing: /home/nobel/team57/team_57_ns/three_ws/install/tortoisebot_description/share/tortoisebot_description/environment/path.dsv
[1.892s] -- Installing: /home/nobel/team57/team_57_ns/three_ws/install/tortoisebot_description/share/tortoisebot_description/local_setup.bash
[1.892s] -- Installing: /home/nobel/team57/team_57_ns/three_ws/install/tortoisebot_description/share/tortoisebot_description/local_setup.sh
[1.892s] -- Installing: /home/nobel/team57/team_57_ns/three_ws/install/tortoisebot_description/share/tortoisebot_description/local_setup.zsh
[1.892s] -- Installing: /home/nobel/team57/team_57_ns/three_ws/install/tortoisebot_description/share/tortoisebot_description/local_setup.dsv
[1.892s] -- Installing: /home/nobel/team57/team_57_ns/three_ws/install/tortoisebot_description/share/tortoisebot_description/package.dsv
[1.892s] -- Installing: /home/nobel/team57/team_57_ns/three_ws/install/tortoisebot_description/share/ament_index/resource_index/packages/tortoisebot_description
[1.892s] -- Installing: /home/nobel/team57/team_57_ns/three_ws/install/tortoisebot_description/share/tortoisebot_description/cmake/tortoisebot_descriptionConfig.cmake
[1.892s] -- Installing: /home/nobel/team57/team_57_ns/three_ws/install/tortoisebot_description/share/tortoisebot_description/cmake/tortoisebot_descriptionConfig-version.cmake
[1.892s] -- Installing: /home/nobel/team57/team_57_ns/three_ws/install/tortoisebot_description/share/tortoisebot_description/package.xml
[1.929s] Invoked command in '/home/nobel/team57/team_57_ns/three_ws/build/tortoisebot_description' returned '0': CMAKE_PREFIX_PATH=${CMAKE_PREFIX_PATH}:/home/nobel/team57/team_57_ns/three_ws/install/tortoisebot_control:/home/nobel/team#57/team_57_ns/three_turtle_ws/install/tortoisebot_control:/home/nobel/bharatforge_ws/install/ps6_py_control_pkg:/home/nobel/colcon_ws/install/ur5_control:/home/nobel/Drone_Related/Drones_Library/follow_drone_ws/install/sjtu_drone_bringup:/home/nobel/Gujrat_Government_Hexapod/gg_hexapod_ws/install/gg_controller:/home/nobel/workspace_arm/IRoC_U_arm/arm_ws/install/armkin_pkg:/home/nobel/workspace_arm/IRoC_U_arm/arm_ws/install/armcam_pkg:/home/nobel/install/armcam_pkg:/home/nobel/install/arduinobot_py_examples:/home/nobel/arduinobot_ws/install/arduinobot_py_examples:/opt/ros/humble PS1=\[\033[0;32m\]BotGuy:\[\033[0m\] /usr/bin/cmake --install /home/nobel/team57/team_57_ns/three_ws/build/tortoisebot_description
