[0.244s] Invoking command in '/home/nobel/team57/team_57_ns/three_ws/build/tortoisebot_firmware': CMAKE_PREFIX_PATH=${CMAKE_PREFIX_PATH}:/home/nobel/team57/team_57_ns/three_ws/install/tortoisebot_control:/home/nobel/team#57/team_57_ns/three_turtle_ws/install/tortoisebot_control:/home/nobel/bharatforge_ws/install/ps6_py_control_pkg:/home/nobel/colcon_ws/install/ur5_control:/home/nobel/Drone_Related/Drones_Library/follow_drone_ws/install/sjtu_drone_bringup:/home/nobel/Gujrat_Government_Hexapod/gg_hexapod_ws/install/gg_controller:/home/nobel/workspace_arm/IRoC_U_arm/arm_ws/install/armkin_pkg:/home/nobel/workspace_arm/IRoC_U_arm/arm_ws/install/armcam_pkg:/home/nobel/install/armcam_pkg:/home/nobel/install/arduinobot_py_examples:/home/nobel/arduinobot_ws/install/arduinobot_py_examples:/opt/ros/humble PS1=\[\033[0;32m\]BotGuy:\[\033[0m\] /usr/bin/cmake /home/nobel/team57/team_57_ns/three_ws/src/tortoisebot/tortoisebot_firmware -DCMAKE_INSTALL_PREFIX=/home/nobel/team57/team_57_ns/three_ws/install/tortoisebot_firmware
[0.299s] -- The C compiler identification is GNU 11.4.0
[0.360s] -- The CXX compiler identification is GNU 11.4.0
[0.370s] -- Detecting C compiler ABI info
[0.444s] -- Detecting C compiler ABI info - done
[0.452s] -- Check for working C compiler: /usr/bin/cc - skipped
[0.453s] -- Detecting C compile features
[0.453s] -- Detecting C compile features - done
[0.457s] -- Detecting CXX compiler ABI info
[0.551s] -- Detecting CXX compiler ABI info - done
[0.560s] -- Check for working CXX compiler: /usr/bin/c++ - skipped
[0.560s] -- Detecting CXX compile features
[0.561s] -- Detecting CXX compile features - done
[0.567s] -- Found ament_cmake: 1.3.11 (/opt/ros/humble/share/ament_cmake/cmake)
[0.832s] -- Found Python3: /usr/bin/python3 (found version "3.10.12") found components: Interpreter 
[1.053s] -- Found rclcpp: 16.0.11 (/opt/ros/humble/share/rclcpp/cmake)
[1.208s] -- Found rosidl_generator_c: 3.1.6 (/opt/ros/humble/share/rosidl_generator_c/cmake)
[1.237s] -- Found rosidl_adapter: 3.1.6 (/opt/ros/humble/share/rosidl_adapter/cmake)
[1.277s] -- Found rosidl_generator_cpp: 3.1.6 (/opt/ros/humble/share/rosidl_generator_cpp/cmake)
[1.324s] -- Using all available rosidl_typesupport_c: rosidl_typesupport_fastrtps_c;rosidl_typesupport_introspection_c
[1.386s] -- Using all available rosidl_typesupport_cpp: rosidl_typesupport_fastrtps_cpp;rosidl_typesupport_introspection_cpp
[1.541s] -- Found rmw_implementation_cmake: 6.1.2 (/opt/ros/humble/share/rmw_implementation_cmake/cmake)
[1.558s] -- Found rmw_cyclonedds_cpp: 1.3.4 (/opt/ros/humble/share/rmw_cyclonedds_cpp/cmake)
[1.643s] -- Using RMW implementation 'rmw_cyclonedds_cpp' as default
[1.686s] -- Looking for pthread.h
[1.869s] -- Looking for pthread.h - found
[1.869s] -- Performing Test CMAKE_HAVE_LIBC_PTHREAD
[2.037s] -- Performing Test CMAKE_HAVE_LIBC_PTHREAD - Success
[2.038s] -- Found Threads: TRUE  
[2.184s] -- Found rclpy: 3.3.15 (/opt/ros/humble/share/rclpy/cmake)
[2.194s] -- Found ament_lint_auto: 0.12.11 (/opt/ros/humble/share/ament_lint_auto/cmake)
[2.427s] -- Added test 'copyright' to check source files copyright and LICENSE
[2.430s] -- Added test 'flake8' to check Python code syntax and style conventions
[2.432s] -- Added test 'lint_cmake' to check CMake code style
[2.433s] -- Added test 'pep257' to check Python code against some of the docstring style conventions in PEP 257
[2.436s] -- Added test 'xmllint' to check XML markup files
[2.439s] -- Configuring done
[2.443s] -- Generating done
[2.445s] -- Build files have been written to: /home/nobel/team57/team_57_ns/three_ws/build/tortoisebot_firmware
[2.452s] Invoked command in '/home/nobel/team57/team_57_ns/three_ws/build/tortoisebot_firmware' returned '0': CMAKE_PREFIX_PATH=${CMAKE_PREFIX_PATH}:/home/nobel/team57/team_57_ns/three_ws/install/tortoisebot_control:/home/nobel/team#57/team_57_ns/three_turtle_ws/install/tortoisebot_control:/home/nobel/bharatforge_ws/install/ps6_py_control_pkg:/home/nobel/colcon_ws/install/ur5_control:/home/nobel/Drone_Related/Drones_Library/follow_drone_ws/install/sjtu_drone_bringup:/home/nobel/Gujrat_Government_Hexapod/gg_hexapod_ws/install/gg_controller:/home/nobel/workspace_arm/IRoC_U_arm/arm_ws/install/armkin_pkg:/home/nobel/workspace_arm/IRoC_U_arm/arm_ws/install/armcam_pkg:/home/nobel/install/armcam_pkg:/home/nobel/install/arduinobot_py_examples:/home/nobel/arduinobot_ws/install/arduinobot_py_examples:/opt/ros/humble PS1=\[\033[0;32m\]BotGuy:\[\033[0m\] /usr/bin/cmake /home/nobel/team57/team_57_ns/three_ws/src/tortoisebot/tortoisebot_firmware -DCMAKE_INSTALL_PREFIX=/home/nobel/team57/team_57_ns/three_ws/install/tortoisebot_firmware
[2.454s] Invoking command in '/home/nobel/team57/team_57_ns/three_ws/build/tortoisebot_firmware': CMAKE_PREFIX_PATH=${CMAKE_PREFIX_PATH}:/home/nobel/team57/team_57_ns/three_ws/install/tortoisebot_control:/home/nobel/team#57/team_57_ns/three_turtle_ws/install/tortoisebot_control:/home/nobel/bharatforge_ws/install/ps6_py_control_pkg:/home/nobel/colcon_ws/install/ur5_control:/home/nobel/Drone_Related/Drones_Library/follow_drone_ws/install/sjtu_drone_bringup:/home/nobel/Gujrat_Government_Hexapod/gg_hexapod_ws/install/gg_controller:/home/nobel/workspace_arm/IRoC_U_arm/arm_ws/install/armkin_pkg:/home/nobel/workspace_arm/IRoC_U_arm/arm_ws/install/armcam_pkg:/home/nobel/install/armcam_pkg:/home/nobel/install/arduinobot_py_examples:/home/nobel/arduinobot_ws/install/arduinobot_py_examples:/opt/ros/humble PS1=\[\033[0;32m\]BotGuy:\[\033[0m\] /usr/bin/cmake --build /home/nobel/team57/team_57_ns/three_ws/build/tortoisebot_firmware -- -j16 -l16
[2.517s] Built target ament_cmake_python_copy_tortoisebot_firmware
[2.965s] running egg_info
[2.972s] creating tortoisebot_firmware.egg-info
[2.972s] writing tortoisebot_firmware.egg-info/PKG-INFO
[2.972s] writing dependency_links to tortoisebot_firmware.egg-info/dependency_links.txt
[2.972s] writing top-level names to tortoisebot_firmware.egg-info/top_level.txt
[2.972s] writing manifest file 'tortoisebot_firmware.egg-info/SOURCES.txt'
[2.979s] reading manifest file 'tortoisebot_firmware.egg-info/SOURCES.txt'
[2.982s] writing manifest file 'tortoisebot_firmware.egg-info/SOURCES.txt'
[3.089s] Built target ament_cmake_python_build_tortoisebot_firmware_egg
[3.135s] Invoked command in '/home/nobel/team57/team_57_ns/three_ws/build/tortoisebot_firmware' returned '0': CMAKE_PREFIX_PATH=${CMAKE_PREFIX_PATH}:/home/nobel/team57/team_57_ns/three_ws/install/tortoisebot_control:/home/nobel/team#57/team_57_ns/three_turtle_ws/install/tortoisebot_control:/home/nobel/bharatforge_ws/install/ps6_py_control_pkg:/home/nobel/colcon_ws/install/ur5_control:/home/nobel/Drone_Related/Drones_Library/follow_drone_ws/install/sjtu_drone_bringup:/home/nobel/Gujrat_Government_Hexapod/gg_hexapod_ws/install/gg_controller:/home/nobel/workspace_arm/IRoC_U_arm/arm_ws/install/armkin_pkg:/home/nobel/workspace_arm/IRoC_U_arm/arm_ws/install/armcam_pkg:/home/nobel/install/armcam_pkg:/home/nobel/install/arduinobot_py_examples:/home/nobel/arduinobot_ws/install/arduinobot_py_examples:/opt/ros/humble PS1=\[\033[0;32m\]BotGuy:\[\033[0m\] /usr/bin/cmake --build /home/nobel/team57/team_57_ns/three_ws/build/tortoisebot_firmware -- -j16 -l16
[3.139s] Invoking command in '/home/nobel/team57/team_57_ns/three_ws/build/tortoisebot_firmware': CMAKE_PREFIX_PATH=${CMAKE_PREFIX_PATH}:/home/nobel/team57/team_57_ns/three_ws/install/tortoisebot_control:/home/nobel/team#57/team_57_ns/three_turtle_ws/install/tortoisebot_control:/home/nobel/bharatforge_ws/install/ps6_py_control_pkg:/home/nobel/colcon_ws/install/ur5_control:/home/nobel/Drone_Related/Drones_Library/follow_drone_ws/install/sjtu_drone_bringup:/home/nobel/Gujrat_Government_Hexapod/gg_hexapod_ws/install/gg_controller:/home/nobel/workspace_arm/IRoC_U_arm/arm_ws/install/armkin_pkg:/home/nobel/workspace_arm/IRoC_U_arm/arm_ws/install/armcam_pkg:/home/nobel/install/armcam_pkg:/home/nobel/install/arduinobot_py_examples:/home/nobel/arduinobot_ws/install/arduinobot_py_examples:/opt/ros/humble PS1=\[\033[0;32m\]BotGuy:\[\033[0m\] /usr/bin/cmake --install /home/nobel/team57/team_57_ns/three_ws/build/tortoisebot_firmware
[3.172s] -- Install configuration: ""
[3.172s] -- Installing: /home/nobel/team57/team_57_ns/three_ws/install/tortoisebot_firmware/share/tortoisebot_firmware/environment/pythonpath.sh
[3.176s] -- Installing: /home/nobel/team57/team_57_ns/three_ws/install/tortoisebot_firmware/share/tortoisebot_firmware/environment/pythonpath.dsv
[3.176s] -- Installing: /home/nobel/team57/team_57_ns/three_ws/install/tortoisebot_firmware/local/lib/python3.10/dist-packages/tortoisebot_firmware-0.0.0-py3.10.egg-info
[3.176s] -- Installing: /home/nobel/team57/team_57_ns/three_ws/install/tortoisebot_firmware/local/lib/python3.10/dist-packages/tortoisebot_firmware-0.0.0-py3.10.egg-info/top_level.txt
[3.176s] -- Installing: /home/nobel/team57/team_57_ns/three_ws/install/tortoisebot_firmware/local/lib/python3.10/dist-packages/tortoisebot_firmware-0.0.0-py3.10.egg-info/SOURCES.txt
[3.176s] -- Installing: /home/nobel/team57/team_57_ns/three_ws/install/tortoisebot_firmware/local/lib/python3.10/dist-packages/tortoisebot_firmware-0.0.0-py3.10.egg-info/dependency_links.txt
[3.176s] -- Installing: /home/nobel/team57/team_57_ns/three_ws/install/tortoisebot_firmware/local/lib/python3.10/dist-packages/tortoisebot_firmware-0.0.0-py3.10.egg-info/PKG-INFO
[3.176s] -- Installing: /home/nobel/team57/team_57_ns/three_ws/install/tortoisebot_firmware/local/lib/python3.10/dist-packages/tortoisebot_firmware
[3.176s] -- Installing: /home/nobel/team57/team_57_ns/three_ws/install/tortoisebot_firmware/local/lib/python3.10/dist-packages/tortoisebot_firmware/__init__.py
[3.347s] Listing '/home/nobel/team57/team_57_ns/three_ws/install/tortoisebot_firmware/local/lib/python3.10/dist-packages/tortoisebot_firmware'...
[3.347s] Compiling '/home/nobel/team57/team_57_ns/three_ws/install/tortoisebot_firmware/local/lib/python3.10/dist-packages/tortoisebot_firmware/__init__.py'...
[3.365s] -- Installing: /home/nobel/team57/team_57_ns/three_ws/install/tortoisebot_firmware/lib/tortoisebot_firmware/differential.py
[3.365s] -- Installing: /home/nobel/team57/team_57_ns/three_ws/install/tortoisebot_firmware/share/ament_index/resource_index/package_run_dependencies/tortoisebot_firmware
[3.365s] -- Installing: /home/nobel/team57/team_57_ns/three_ws/install/tortoisebot_firmware/share/ament_index/resource_index/parent_prefix_path/tortoisebot_firmware
[3.369s] -- Installing: /home/nobel/team57/team_57_ns/three_ws/install/tortoisebot_firmware/share/tortoisebot_firmware/environment/ament_prefix_path.sh
[3.369s] -- Installing: /home/nobel/team57/team_57_ns/three_ws/install/tortoisebot_firmware/share/tortoisebot_firmware/environment/ament_prefix_path.dsv
[3.369s] -- Installing: /home/nobel/team57/team_57_ns/three_ws/install/tortoisebot_firmware/share/tortoisebot_firmware/environment/path.sh
[3.369s] -- Installing: /home/nobel/team57/team_57_ns/three_ws/install/tortoisebot_firmware/share/tortoisebot_firmware/environment/path.dsv
[3.369s] -- Installing: /home/nobel/team57/team_57_ns/three_ws/install/tortoisebot_firmware/share/tortoisebot_firmware/local_setup.bash
[3.369s] -- Installing: /home/nobel/team57/team_57_ns/three_ws/install/tortoisebot_firmware/share/tortoisebot_firmware/local_setup.sh
[3.369s] -- Installing: /home/nobel/team57/team_57_ns/three_ws/install/tortoisebot_firmware/share/tortoisebot_firmware/local_setup.zsh
[3.369s] -- Installing: /home/nobel/team57/team_57_ns/three_ws/install/tortoisebot_firmware/share/tortoisebot_firmware/local_setup.dsv
[3.369s] -- Installing: /home/nobel/team57/team_57_ns/three_ws/install/tortoisebot_firmware/share/tortoisebot_firmware/package.dsv
[3.369s] -- Installing: /home/nobel/team57/team_57_ns/three_ws/install/tortoisebot_firmware/share/ament_index/resource_index/packages/tortoisebot_firmware
[3.370s] -- Installing: /home/nobel/team57/team_57_ns/three_ws/install/tortoisebot_firmware/share/tortoisebot_firmware/cmake/tortoisebot_firmwareConfig.cmake
[3.382s] -- Installing: /home/nobel/team57/team_57_ns/three_ws/install/tortoisebot_firmware/share/tortoisebot_firmware/cmake/tortoisebot_firmwareConfig-version.cmake
[3.382s] -- Installing: /home/nobel/team57/team_57_ns/three_ws/install/tortoisebot_firmware/share/tortoisebot_firmware/package.xml
[3.386s] Invoked command in '/home/nobel/team57/team_57_ns/three_ws/build/tortoisebot_firmware' returned '0': CMAKE_PREFIX_PATH=${CMAKE_PREFIX_PATH}:/home/nobel/team57/team_57_ns/three_ws/install/tortoisebot_control:/home/nobel/team#57/team_57_ns/three_turtle_ws/install/tortoisebot_control:/home/nobel/bharatforge_ws/install/ps6_py_control_pkg:/home/nobel/colcon_ws/install/ur5_control:/home/nobel/Drone_Related/Drones_Library/follow_drone_ws/install/sjtu_drone_bringup:/home/nobel/Gujrat_Government_Hexapod/gg_hexapod_ws/install/gg_controller:/home/nobel/workspace_arm/IRoC_U_arm/arm_ws/install/armkin_pkg:/home/nobel/workspace_arm/IRoC_U_arm/arm_ws/install/armcam_pkg:/home/nobel/install/armcam_pkg:/home/nobel/install/arduinobot_py_examples:/home/nobel/arduinobot_ws/install/arduinobot_py_examples:/opt/ros/humble PS1=\[\033[0;32m\]BotGuy:\[\033[0m\] /usr/bin/cmake --install /home/nobel/team57/team_57_ns/three_ws/build/tortoisebot_firmware
