[0.988s] Invoking command in '/home/nobel/team57/team_57_ns/three_ws/src/tortoisebot/tortoisebot_control': PS1=\[\033[0;32m\]BotGuy:\[\033[0m\] PYTHONPATH=/home/nobel/team57/team_57_ns/three_ws/build/tortoisebot_control/prefix_override:/usr/lib/python3/dist-packages/colcon_core/task/python/colcon_distutils_commands:/home/nobel/team57/team_57_ns/three_ws/install/tortoisebot_control/lib/python3.10/site-packages:${PYTHONPATH} /usr/bin/python3 -W ignore:setup.py install is deprecated -W ignore:easy_install command is deprecated setup.py egg_info --egg-base ../../../build/tortoisebot_control build --build-base /home/nobel/team57/team_57_ns/three_ws/build/tortoisebot_control/build install --record /home/nobel/team57/team_57_ns/three_ws/build/tortoisebot_control/install.log --single-version-externally-managed install_data
[2.010s] running egg_info
[2.010s] creating ../../../build/tortoisebot_control/tortoisebot_control.egg-info
[2.011s] writing ../../../build/tortoisebot_control/tortoisebot_control.egg-info/PKG-INFO
[2.011s] writing dependency_links to ../../../build/tortoisebot_control/tortoisebot_control.egg-info/dependency_links.txt
[2.011s] writing entry points to ../../../build/tortoisebot_control/tortoisebot_control.egg-info/entry_points.txt
[2.011s] writing requirements to ../../../build/tortoisebot_control/tortoisebot_control.egg-info/requires.txt
[2.011s] writing top-level names to ../../../build/tortoisebot_control/tortoisebot_control.egg-info/top_level.txt
[2.011s] writing manifest file '../../../build/tortoisebot_control/tortoisebot_control.egg-info/SOURCES.txt'
[2.016s] reading manifest file '../../../build/tortoisebot_control/tortoisebot_control.egg-info/SOURCES.txt'
[2.017s] writing manifest file '../../../build/tortoisebot_control/tortoisebot_control.egg-info/SOURCES.txt'
[2.034s] running build
[2.034s] running build_py
[2.034s] creating /home/nobel/team57/team_57_ns/three_ws/build/tortoisebot_control/build
[2.035s] creating /home/nobel/team57/team_57_ns/three_ws/build/tortoisebot_control/build/lib
[2.035s] creating /home/nobel/team57/team_57_ns/three_ws/build/tortoisebot_control/build/lib/tortoisebot_control
[2.035s] copying tortoisebot_control/__init__.py -> /home/nobel/team57/team_57_ns/three_ws/build/tortoisebot_control/build/lib/tortoisebot_control
[2.035s] copying tortoisebot_control/teleop_twist_keyboard.py -> /home/nobel/team57/team_57_ns/three_ws/build/tortoisebot_control/build/lib/tortoisebot_control
[2.035s] running install
[2.035s] running install_lib
[2.035s] creating /home/nobel/team57/team_57_ns/three_ws/install/tortoisebot_control/lib/python3.10/site-packages/tortoisebot_control
[2.035s] copying /home/nobel/team57/team_57_ns/three_ws/build/tortoisebot_control/build/lib/tortoisebot_control/__init__.py -> /home/nobel/team57/team_57_ns/three_ws/install/tortoisebot_control/lib/python3.10/site-packages/tortoisebot_control
[2.035s] copying /home/nobel/team57/team_57_ns/three_ws/build/tortoisebot_control/build/lib/tortoisebot_control/teleop_twist_keyboard.py -> /home/nobel/team57/team_57_ns/three_ws/install/tortoisebot_control/lib/python3.10/site-packages/tortoisebot_control
[2.035s] byte-compiling /home/nobel/team57/team_57_ns/three_ws/install/tortoisebot_control/lib/python3.10/site-packages/tortoisebot_control/__init__.py to __init__.cpython-310.pyc
[2.035s] byte-compiling /home/nobel/team57/team_57_ns/three_ws/install/tortoisebot_control/lib/python3.10/site-packages/tortoisebot_control/teleop_twist_keyboard.py to teleop_twist_keyboard.cpython-310.pyc
[2.047s] running install_data
[2.047s] creating /home/nobel/team57/team_57_ns/three_ws/install/tortoisebot_control/share/ament_index
[2.047s] creating /home/nobel/team57/team_57_ns/three_ws/install/tortoisebot_control/share/ament_index/resource_index
[2.047s] creating /home/nobel/team57/team_57_ns/three_ws/install/tortoisebot_control/share/ament_index/resource_index/packages
[2.048s] copying resource/tortoisebot_control -> /home/nobel/team57/team_57_ns/three_ws/install/tortoisebot_control/share/ament_index/resource_index/packages
[2.048s] copying package.xml -> /home/nobel/team57/team_57_ns/three_ws/install/tortoisebot_control/share/tortoisebot_control
[2.048s] running install_egg_info
[2.049s] Copying ../../../build/tortoisebot_control/tortoisebot_control.egg-info to /home/nobel/team57/team_57_ns/three_ws/install/tortoisebot_control/lib/python3.10/site-packages/tortoisebot_control-0.0.0-py3.10.egg-info
[2.053s] running install_scripts
[2.097s] Installing teleop_twist_keyboard script to /home/nobel/team57/team_57_ns/three_ws/install/tortoisebot_control/lib/tortoisebot_control
[2.097s] writing list of installed files to '/home/nobel/team57/team_57_ns/three_ws/build/tortoisebot_control/install.log'
[2.158s] Invoked command in '/home/nobel/team57/team_57_ns/three_ws/src/tortoisebot/tortoisebot_control' returned '0': PS1=\[\033[0;32m\]BotGuy:\[\033[0m\] PYTHONPATH=/home/nobel/team57/team_57_ns/three_ws/build/tortoisebot_control/prefix_override:/usr/lib/python3/dist-packages/colcon_core/task/python/colcon_distutils_commands:/home/nobel/team57/team_57_ns/three_ws/install/tortoisebot_control/lib/python3.10/site-packages:${PYTHONPATH} /usr/bin/python3 -W ignore:setup.py install is deprecated -W ignore:easy_install command is deprecated setup.py egg_info --egg-base ../../../build/tortoisebot_control build --build-base /home/nobel/team57/team_57_ns/three_ws/build/tortoisebot_control/build install --record /home/nobel/team57/team_57_ns/three_ws/build/tortoisebot_control/install.log --single-version-externally-managed install_data
